1	0.00634503	start	
2	9.70342	capture	{hotSpot:[450.929688, 429.957031]}
3	10.8274	capture	{hotSpot:[460.554688, 429.957031]}
4	11.8066	capture	{hotSpot:[470.535156, 429.695312]}
5	12.8261	capture	{hotSpot:[478.59375, 428.929688]}
6	13.7295	capture	{hotSpot:[483.960938, 428.691406]}
7	14.7068	capture	{hotSpot:[495.542969, 428.691406]}
8	16.1375	capture	{hotSpot:[500.167969, 428.449219]}
9	17.0669	capture	{hotSpot:[502.566406, 429.1875]}
10	18.316	capture	{hotSpot:[515.089844, 429.445312]}
11	19.4801	capture	{hotSpot:[526.292969, 429.445312]}
12	20.2598	capture	{hotSpot:[531.855469, 429.183594]}
13	22.508	capture	{hotSpot:[534.4375, 429.183594]}
14	23.2424	capture	{hotSpot:[536.816406, 429.183594]}
15	24.1978	capture	{hotSpot:[541.566406, 428.921875]}
16	32.776	capture	{hotSpot:[481.773438, 573.320312]}
17	33.8101	capture	{hotSpot:[486.710938, 573.320312]}
18	38.9056	capture	{hotSpot:[509.429688, 574.210938]}
19	44.2835	capture	{hotSpot:[527.355469, 573.945312]}
20	45.8221	end	
